<?xml version="1.0" encoding="UTF-8"?>
<!-- Generated by org.testng.reporters.JUnitReportReporter -->
<testsuite hostname="Sahabs-Air" failures="0" tests="1" name="testRunner.TestNGRunner" time="35.530" errors="0" timestamp="2024-11-09T09:30:10 GMT" skipped="0">
  <testcase classname="testRunner.TestNGRunner" name="runScenario" time="35.530"/>
</testsuite> <!-- testRunner.TestNGRunner -->
