<?xml version="1.0" encoding="UTF-8"?>
<!-- Generated by org.testng.reporters.JUnitReportReporter -->
<testsuite hostname="Sahabs-Air" failures="0" tests="2" name="seleniumUsingTestNG.SimpleTestUsingTestNG" time="23.878" errors="0" timestamp="2024-11-09T09:30:10 GMT" skipped="0">
  <testcase classname="seleniumUsingTestNG.SimpleTestUsingTestNG" name="firstTest" time="23.871"/>
  <testcase classname="seleniumUsingTestNG.SimpleTestUsingTestNG" name="testRandomString" time="0.007"/>
</testsuite> <!-- seleniumUsingTestNG.SimpleTestUsingTestNG -->
