<?xml version="1.0" encoding="UTF-8"?>
<!-- Generated by org.testng.reporters.JUnitReportReporter -->
<testsuite hostname="Sahabs-Air" failures="0" tests="2" name="seleniumUsingTestNG.SimpleTestUsingTestNG" time="63.380" errors="0" timestamp="2024-11-11T08:15:49 GMT" skipped="0">
  <testcase classname="seleniumUsingTestNG.SimpleTestUsingTestNG" name="firstTest" time="63.374"/>
  <testcase classname="seleniumUsingTestNG.SimpleTestUsingTestNG" name="testRandomString" time="0.006"/>
</testsuite> <!-- seleniumUsingTestNG.SimpleTestUsingTestNG -->
