<?xml version="1.0" encoding="UTF-8"?>
<!-- Generated by org.testng.reporters.JUnitReportReporter -->
<testsuite hostname="Sahabs-Air" failures="0" tests="1" name="testRunner.TestNGRunner" time="64.877" errors="0" timestamp="2024-11-11T08:15:49 GMT" skipped="0">
  <testcase classname="testRunner.TestNGRunner" name="runScenario" time="64.877"/>
</testsuite> <!-- testRunner.TestNGRunner -->
